<?xml version="1.0" encoding="UTF-8"?>
<testng-results ignored="0" total="2" passed="2" failed="0" skipped="0">
  <reporter-output>
    <line>
      <![CDATA[The Browser is opened now...]]>
    </line>
    <line>
      <![CDATA[The Browser is maximized now...]]>
    </line>
    <line>
      <![CDATA[The Date is entered now...]]>
    </line>
    <line>
      <![CDATA[The Time is entered now...]]>
    </line>
    <line>
      <![CDATA[The Browser is closed now...]]>
    </line>
    <line>
      <![CDATA[The Browser is opened now...]]>
    </line>
    <line>
      <![CDATA[The Browser is maximized now...]]>
    </line>
    <line>
      <![CDATA[The Date is entered now...]]>
    </line>
    <line>
      <![CDATA[The Time is entered now...]]>
    </line>
    <line>
      <![CDATA[The Browser is closed now...]]>
    </line>
  </reporter-output>
  <suite started-at="2022-07-24T15:29:08 IST" name="Default suite" finished-at="2022-07-24T15:30:11 IST" duration-ms="62356">
    <groups>
    </groups>
    <test started-at="2022-07-24T15:29:08 IST" name="Default test" finished-at="2022-07-24T15:30:11 IST" duration-ms="62356">
      <class name="sel_Package.Date_and_Time_Picker">
        <test-method is-config="true" signature="LauchBrowser()[pri:0, instance:sel_Package.Date_and_Time_Picker@c33b74f]" started-at="2022-07-24T15:29:09 IST" name="LauchBrowser" finished-at="2022-07-24T15:29:18 IST" duration-ms="9416" status="PASS">
          <reporter-output>
            <line>
              <![CDATA[The Browser is opened now...]]>
            </line>
            <line>
              <![CDATA[The Browser is maximized now...]]>
            </line>
          </reporter-output>
        </test-method> <!-- LauchBrowser -->
        <test-method signature="dateTimePicker()[pri:1, instance:sel_Package.Date_and_Time_Picker@c33b74f]" started-at="2022-07-24T15:29:18 IST" name="dateTimePicker" finished-at="2022-07-24T15:29:26 IST" duration-ms="8170" status="PASS">
          <reporter-output>
            <line>
              <![CDATA[The Date is entered now...]]>
            </line>
            <line>
              <![CDATA[The Time is entered now...]]>
            </line>
          </reporter-output>
        </test-method> <!-- dateTimePicker -->
        <test-method is-config="true" signature="CloseBrowser()[pri:0, instance:sel_Package.Date_and_Time_Picker@c33b74f]" started-at="2022-07-24T15:29:26 IST" name="CloseBrowser" finished-at="2022-07-24T15:29:30 IST" duration-ms="4157" status="PASS">
          <reporter-output>
            <line>
              <![CDATA[The Browser is closed now...]]>
            </line>
          </reporter-output>
        </test-method> <!-- CloseBrowser -->
        <test-method is-config="true" signature="LauchBrowser()[pri:0, instance:sel_Package.Date_and_Time_Picker@c33b74f]" started-at="2022-07-24T15:29:30 IST" name="LauchBrowser" finished-at="2022-07-24T15:29:59 IST" duration-ms="28271" status="PASS">
          <reporter-output>
            <line>
              <![CDATA[The Browser is opened now...]]>
            </line>
            <line>
              <![CDATA[The Browser is maximized now...]]>
            </line>
          </reporter-output>
        </test-method> <!-- LauchBrowser -->
        <test-method signature="dateTimePicker2()[pri:2, instance:sel_Package.Date_and_Time_Picker@c33b74f]" started-at="2022-07-24T15:29:59 IST" name="dateTimePicker2" finished-at="2022-07-24T15:30:07 IST" duration-ms="8163" status="PASS">
          <reporter-output>
            <line>
              <![CDATA[The Date is entered now...]]>
            </line>
            <line>
              <![CDATA[The Time is entered now...]]>
            </line>
          </reporter-output>
        </test-method> <!-- dateTimePicker2 -->
        <test-method is-config="true" signature="CloseBrowser()[pri:0, instance:sel_Package.Date_and_Time_Picker@c33b74f]" started-at="2022-07-24T15:30:07 IST" name="CloseBrowser" finished-at="2022-07-24T15:30:11 IST" duration-ms="4130" status="PASS">
          <reporter-output>
            <line>
              <![CDATA[The Browser is closed now...]]>
            </line>
          </reporter-output>
        </test-method> <!-- CloseBrowser -->
      </class> <!-- sel_Package.Date_and_Time_Picker -->
    </test> <!-- Default test -->
  </suite> <!-- Default suite -->
</testng-results>
